# JRE version: OpenJDK Runtime Environment Temurin-17.0.6+10 (17.0.6+10) (build 17.0.6+10)
# Java VM: OpenJDK 64-Bit Server VM Temurin-17.0.6+10 (17.0.6+10, mixed mode, emulated-client, tiered, compressed oops, compressed class ptrs, g1 gc, linux-amd64)
GC Precious Log:
 CPUs: 4 total, 4 available
 Memory: 11856M
 Large Page Support: Disabled
 NUMA Support: Disabled
 Compressed Oops: Enabled (Zero based)
 Heap Region Size: 2M
 Heap Min Capacity: 8M
 Heap Initial Capacity: 186M
 Heap Max Capacity: 2966M
 Pre-touch: Disabled
 Parallel Workers: 4
 Concurrent Workers: 1
 Concurrent Refinement Workers: 4
 Periodic GC: Disabled
Heap:
 garbage-first heap   total 92160K, used 33124K [0x0000000746a00000, 0x0000000800000000)
  region size 2048K, 6 young (12288K), 1 survivors (2048K)
 Metaspace       used 62493K, committed 62976K, reserved 1105920K
  class space    used 8420K, committed 8640K, reserved 1048576K
GC Heap History (20 events):
Event: 1.036 GC heap before
{Heap before GC invocations=3 (full 0):
 garbage-first heap   total 190464K, used 26316K [0x0000000746a00000, 0x0000000800000000)
  region size 2048K, 11 young (22528K), 2 survivors (4096K)
 Metaspace       used 21263K, committed 21504K, reserved 1073152K
  class space    used 2516K, committed 2624K, reserved 1048576K
}
Event: 1.040 GC heap after
{Heap after GC invocations=4 (full 0):
 garbage-first heap   total 190464K, used 10744K [0x0000000746a00000, 0x0000000800000000)
  region size 2048K, 2 young (4096K), 2 survivors (4096K)
 Metaspace       used 21263K, committed 21504K, reserved 1073152K
  class space    used 2516K, committed 2624K, reserved 1048576K
}
Event: 1.243 GC heap before
{Heap before GC invocations=5 (full 0):
 garbage-first heap   total 55296K, used 37368K [0x0000000746a00000, 0x0000000800000000)
  region size 2048K, 17 young (34816K), 2 survivors (4096K)
 Metaspace       used 26857K, committed 27136K, reserved 1073152K
  class space    used 3318K, committed 3456K, reserved 1048576K
}
Event: 1.249 GC heap after
{Heap after GC invocations=6 (full 0):
 garbage-first heap   total 55296K, used 12976K [0x0000000746a00000, 0x0000000800000000)
  region size 2048K, 3 young (6144K), 3 survivors (6144K)
 Metaspace       used 26857K, committed 27136K, reserved 1073152K
  class space    used 3318K, committed 3456K, reserved 1048576K
}
Event: 1.260 GC heap before
{Heap before GC invocations=6 (full 0):
 garbage-first heap   total 55296K, used 15024K [0x0000000746a00000, 0x0000000800000000)
  region size 2048K, 4 young (8192K), 3 survivors (6144K)
 Metaspace       used 27367K, committed 27648K, reserved 1073152K
  class space    used 3355K, committed 3456K, reserved 1048576K
}
Event: 1.266 GC heap after
{Heap after GC invocations=7 (full 0):
 garbage-first heap   total 55296K, used 13707K [0x0000000746a00000, 0x0000000800000000)
  region size 2048K, 1 young (2048K), 1 survivors (2048K)
 Metaspace       used 27367K, committed 27648K, reserved 1073152K
  class space    used 3355K, committed 3456K, reserved 1048576K
}
Event: 1.418 GC heap before
{Heap before GC invocations=7 (full 0):
 garbage-first heap   total 55296K, used 32139K [0x0000000746a00000, 0x0000000800000000)
  region size 2048K, 11 young (22528K), 1 survivors (2048K)
 Metaspace       used 30838K, committed 31168K, reserved 1081344K
  class space    used 3826K, committed 3968K, reserved 1048576K
}
Event: 1.420 GC heap after
{Heap after GC invocations=8 (full 0):
 garbage-first heap   total 55296K, used 14658K [0x0000000746a00000, 0x0000000800000000)
  region size 2048K, 1 young (2048K), 1 survivors (2048K)
 Metaspace       used 30838K, committed 31168K, reserved 1081344K
  class space    used 3826K, committed 3968K, reserved 1048576K
}
Event: 1.718 GC heap before
{Heap before GC invocations=8 (full 0):
 garbage-first heap   total 55296K, used 37186K [0x0000000746a00000, 0x0000000800000000)
  region size 2048K, 12 young (24576K), 1 survivors (2048K)
 Metaspace       used 32991K, committed 33344K, reserved 1081344K
  class space    used 4157K, committed 4352K, reserved 1048576K
}
Event: 1.721 GC heap after
{Heap after GC invocations=9 (full 0):
 garbage-first heap   total 110592K, used 16419K [0x0000000746a00000, 0x0000000800000000)
  region size 2048K, 2 young (4096K), 2 survivors (4096K)
 Metaspace       used 32991K, committed 33344K, reserved 1081344K
  class space    used 4157K, committed 4352K, reserved 1048576K
}
Event: 2.105 GC heap before
{Heap before GC invocations=9 (full 0):
 garbage-first heap   total 110592K, used 36899K [0x0000000746a00000, 0x0000000800000000)
  region size 2048K, 13 young (26624K), 2 survivors (4096K)
 Metaspace       used 35915K, committed 36288K, reserved 1081344K
  class space    used 4621K, committed 4800K, reserved 1048576K
}
Event: 2.115 GC heap after
{Heap after GC invocations=10 (full 0):
 garbage-first heap   total 110592K, used 18405K [0x0000000746a00000, 0x0000000800000000)
  region size 2048K, 3 young (6144K), 3 survivors (6144K)
 Metaspace       used 35915K, committed 36288K, reserved 1081344K
  class space    used 4621K, committed 4800K, reserved 1048576K
}
Event: 2.648 GC heap before
{Heap before GC invocations=11 (full 0):
 garbage-first heap   total 75776K, used 57317K [0x0000000746a00000, 0x0000000800000000)
  region size 2048K, 22 young (45056K), 3 survivors (6144K)
 Metaspace       used 43281K, committed 43776K, reserved 1089536K
  class space    used 5610K, committed 5888K, reserved 1048576K
}
Event: 2.658 GC heap after
{Heap after GC invocations=12 (full 0):
 garbage-first heap   total 75776K, used 21368K [0x0000000746a00000, 0x0000000800000000)
  region size 2048K, 3 young (6144K), 3 survivors (6144K)
 Metaspace       used 43281K, committed 43776K, reserved 1089536K
  class space    used 5610K, committed 5888K, reserved 1048576K
}
Event: 3.110 GC heap before
{Heap before GC invocations=12 (full 0):
 garbage-first heap   total 75776K, used 50040K [0x0000000746a00000, 0x0000000800000000)
  region size 2048K, 18 young (36864K), 3 survivors (6144K)
 Metaspace       used 52301K, committed 52864K, reserved 1097728K
  class space    used 6880K, committed 7168K, reserved 1048576K
}
Event: 3.117 GC heap after
{Heap after GC invocations=13 (full 0):
 garbage-first heap   total 75776K, used 23410K [0x0000000746a00000, 0x0000000800000000)
  region size 2048K, 2 young (4096K), 2 survivors (4096K)
 Metaspace       used 52301K, committed 52864K, reserved 1097728K
  class space    used 6880K, committed 7168K, reserved 1048576K
}
Event: 3.414 GC heap before
{Heap before GC invocations=13 (full 0):
 garbage-first heap   total 75776K, used 52082K [0x0000000746a00000, 0x0000000800000000)
  region size 2048K, 16 young (32768K), 2 survivors (4096K)
 Metaspace       used 58258K, committed 58816K, reserved 1105920K
  class space    used 7727K, committed 8000K, reserved 1048576K
}
Event: 3.417 GC heap after
{Heap after GC invocations=14 (full 0):
 garbage-first heap   total 75776K, used 24306K [0x0000000746a00000, 0x0000000800000000)
  region size 2048K, 2 young (4096K), 2 survivors (4096K)
 Metaspace       used 58258K, committed 58816K, reserved 1105920K
  class space    used 7727K, committed 8000K, reserved 1048576K
}
Event: 3.483 GC heap before
{Heap before GC invocations=14 (full 0):
 garbage-first heap   total 75776K, used 30450K [0x0000000746a00000, 0x0000000800000000)
  region size 2048K, 6 young (12288K), 2 survivors (4096K)
 Metaspace       used 60262K, committed 60736K, reserved 1105920K
  class space    used 7950K, committed 8192K, reserved 1048576K
}
Event: 3.486 GC heap after
{Heap after GC invocations=15 (full 0):
 garbage-first heap   total 92160K, used 24932K [0x0000000746a00000, 0x0000000800000000)
  region size 2048K, 1 young (2048K), 1 survivors (2048K)
 Metaspace       used 60262K, committed 60736K, reserved 1105920K
  class space    used 7950K, committed 8192K, reserved 1048576K
}

