# JRE version: OpenJDK Runtime Environment Temurin-17.0.6+10 (17.0.6+10) (build 17.0.6+10)
# Java VM: OpenJDK 64-Bit Server VM Temurin-17.0.6+10 (17.0.6+10, mixed mode, emulated-client, tiered, compressed oops, compressed class ptrs, g1 gc, linux-amd64)
GC Precious Log:
 CPUs: 4 total, 4 available
 Memory: 11856M
 Large Page Support: Disabled
 NUMA Support: Disabled
 Compressed Oops: Enabled (Zero based)
 Heap Region Size: 2M
 Heap Min Capacity: 8M
 Heap Initial Capacity: 186M
 Heap Max Capacity: 2966M
 Pre-touch: Disabled
 Parallel Workers: 4
 Concurrent Workers: 1
 Concurrent Refinement Workers: 4
 Periodic GC: Disabled
Heap:
 garbage-first heap   total 114688K, used 61023K [0x0000000746a00000, 0x0000000800000000)
  region size 2048K, 22 young (45056K), 2 survivors (4096K)
 Metaspace       used 56254K, committed 56768K, reserved 1105920K
  class space    used 7469K, committed 7744K, reserved 1048576K
GC Heap History (20 events):
Event: 0.546 GC heap before
{Heap before GC invocations=1 (full 0):
 garbage-first heap   total 190464K, used 13619K [0x0000000746a00000, 0x0000000800000000)
  region size 2048K, 4 young (8192K), 1 survivors (2048K)
 Metaspace       used 14942K, committed 15104K, reserved 1064960K
  class space    used 1568K, committed 1664K, reserved 1048576K
}
Event: 0.549 GC heap after
{Heap after GC invocations=2 (full 0):
 garbage-first heap   total 190464K, used 8739K [0x0000000746a00000, 0x0000000800000000)
  region size 2048K, 1 young (2048K), 1 survivors (2048K)
 Metaspace       used 14942K, committed 15104K, reserved 1064960K
  class space    used 1568K, committed 1664K, reserved 1048576K
}
Event: 0.844 GC heap before
{Heap before GC invocations=2 (full 0):
 garbage-first heap   total 190464K, used 27171K [0x0000000746a00000, 0x0000000800000000)
  region size 2048K, 10 young (20480K), 1 survivors (2048K)
 Metaspace       used 18899K, committed 19200K, reserved 1073152K
  class space    used 2172K, committed 2304K, reserved 1048576K
}
Event: 0.847 GC heap after
{Heap after GC invocations=3 (full 0):
 garbage-first heap   total 190464K, used 10188K [0x0000000746a00000, 0x0000000800000000)
  region size 2048K, 2 young (4096K), 2 survivors (4096K)
 Metaspace       used 18899K, committed 19200K, reserved 1073152K
  class space    used 2172K, committed 2304K, reserved 1048576K
}
Event: 0.940 GC heap before
{Heap before GC invocations=3 (full 0):
 garbage-first heap   total 190464K, used 20428K [0x0000000746a00000, 0x0000000800000000)
  region size 2048K, 8 young (16384K), 2 survivors (4096K)
 Metaspace       used 21292K, committed 21504K, reserved 1073152K
  class space    used 2521K, committed 2624K, reserved 1048576K
}
Event: 0.943 GC heap after
{Heap after GC invocations=4 (full 0):
 garbage-first heap   total 190464K, used 10866K [0x0000000746a00000, 0x0000000800000000)
  region size 2048K, 2 young (4096K), 2 survivors (4096K)
 Metaspace       used 21292K, committed 21504K, reserved 1073152K
  class space    used 2521K, committed 2624K, reserved 1048576K
}
Event: 1.123 GC heap before
{Heap before GC invocations=5 (full 0):
 garbage-first heap   total 49152K, used 33394K [0x0000000746a00000, 0x0000000800000000)
  region size 2048K, 14 young (28672K), 2 survivors (4096K)
 Metaspace       used 25864K, committed 26176K, reserved 1073152K
  class space    used 3212K, committed 3392K, reserved 1048576K
}
Event: 1.129 GC heap after
{Heap after GC invocations=6 (full 0):
 garbage-first heap   total 49152K, used 12034K [0x0000000746a00000, 0x0000000800000000)
  region size 2048K, 3 young (6144K), 3 survivors (6144K)
 Metaspace       used 25864K, committed 26176K, reserved 1073152K
  class space    used 3212K, committed 3392K, reserved 1048576K
}
Event: 1.148 GC heap before
{Heap before GC invocations=6 (full 0):
 garbage-first heap   total 49152K, used 14082K [0x0000000746a00000, 0x0000000800000000)
  region size 2048K, 4 young (8192K), 3 survivors (6144K)
 Metaspace       used 26345K, committed 26624K, reserved 1073152K
  class space    used 3264K, committed 3392K, reserved 1048576K
}
Event: 1.154 GC heap after
{Heap after GC invocations=7 (full 0):
 garbage-first heap   total 59392K, used 12527K [0x0000000746a00000, 0x0000000800000000)
  region size 2048K, 1 young (2048K), 1 survivors (2048K)
 Metaspace       used 26345K, committed 26624K, reserved 1073152K
  class space    used 3264K, committed 3392K, reserved 1048576K
}
Event: 1.326 GC heap before
{Heap before GC invocations=7 (full 0):
 garbage-first heap   total 59392K, used 35055K [0x0000000746a00000, 0x0000000800000000)
  region size 2048K, 13 young (26624K), 1 survivors (2048K)
 Metaspace       used 30602K, committed 30848K, reserved 1081344K
  class space    used 3797K, committed 3904K, reserved 1048576K
}
Event: 1.329 GC heap after
{Heap after GC invocations=8 (full 0):
 garbage-first heap   total 59392K, used 14433K [0x0000000746a00000, 0x0000000800000000)
  region size 2048K, 2 young (4096K), 2 survivors (4096K)
 Metaspace       used 30602K, committed 30848K, reserved 1081344K
  class space    used 3797K, committed 3904K, reserved 1048576K
}
Event: 1.655 GC heap before
{Heap before GC invocations=8 (full 0):
 garbage-first heap   total 59392K, used 36961K [0x0000000746a00000, 0x0000000800000000)
  region size 2048K, 14 young (28672K), 2 survivors (4096K)
 Metaspace       used 33148K, committed 33472K, reserved 1081344K
  class space    used 4177K, committed 4352K, reserved 1048576K
}
Event: 1.659 GC heap after
{Heap after GC invocations=9 (full 0):
 garbage-first heap   total 59392K, used 16226K [0x0000000746a00000, 0x0000000800000000)
  region size 2048K, 2 young (4096K), 2 survivors (4096K)
 Metaspace       used 33148K, committed 33472K, reserved 1081344K
  class space    used 4177K, committed 4352K, reserved 1048576K
}
Event: 1.986 GC heap before
{Heap before GC invocations=9 (full 0):
 garbage-first heap   total 59392K, used 32610K [0x0000000746a00000, 0x0000000800000000)
  region size 2048K, 11 young (22528K), 2 survivors (4096K)
 Metaspace       used 35602K, committed 35968K, reserved 1081344K
  class space    used 4569K, committed 4736K, reserved 1048576K
}
Event: 1.992 GC heap after
{Heap after GC invocations=10 (full 0):
 garbage-first heap   total 59392K, used 17679K [0x0000000746a00000, 0x0000000800000000)
  region size 2048K, 2 young (4096K), 2 survivors (4096K)
 Metaspace       used 35602K, committed 35968K, reserved 1081344K
  class space    used 4569K, committed 4736K, reserved 1048576K
}
Event: 2.355 GC heap before
{Heap before GC invocations=11 (full 0):
 garbage-first heap   total 59392K, used 40207K [0x0000000746a00000, 0x0000000800000000)
  region size 2048K, 14 young (28672K), 2 survivors (4096K)
 Metaspace       used 39740K, committed 40192K, reserved 1089536K
  class space    used 5180K, committed 5376K, reserved 1048576K
}
Event: 2.365 GC heap after
{Heap after GC invocations=12 (full 0):
 garbage-first heap   total 59392K, used 19857K [0x0000000746a00000, 0x0000000800000000)
  region size 2048K, 2 young (4096K), 2 survivors (4096K)
 Metaspace       used 39740K, committed 40192K, reserved 1089536K
  class space    used 5180K, committed 5376K, reserved 1048576K
}
Event: 2.819 GC heap before
{Heap before GC invocations=12 (full 0):
 garbage-first heap   total 59392K, used 42385K [0x0000000746a00000, 0x0000000800000000)
  region size 2048K, 14 young (28672K), 2 survivors (4096K)
 Metaspace       used 48261K, committed 48704K, reserved 1097728K
  class space    used 6208K, committed 6400K, reserved 1048576K
}
Event: 2.827 GC heap after
{Heap after GC invocations=13 (full 0):
 garbage-first heap   total 114688K, used 22111K [0x0000000746a00000, 0x0000000800000000)
  region size 2048K, 2 young (4096K), 2 survivors (4096K)
 Metaspace       used 48261K, committed 48704K, reserved 1097728K
  class space    used 6208K, committed 6400K, reserved 1048576K
}

