# JRE version: OpenJDK Runtime Environment Temurin-17.0.6+10 (17.0.6+10) (build 17.0.6+10)
# Java VM: OpenJDK 64-Bit Server VM Temurin-17.0.6+10 (17.0.6+10, mixed mode, emulated-client, tiered, compressed oops, compressed class ptrs, g1 gc, linux-amd64)
GC Precious Log:
 CPUs: 4 total, 4 available
 Memory: 11856M
 Large Page Support: Disabled
 NUMA Support: Disabled
 Compressed Oops: Enabled (Zero based)
 Heap Region Size: 2M
 Heap Min Capacity: 8M
 Heap Initial Capacity: 186M
 Heap Max Capacity: 2966M
 Pre-touch: Disabled
 Parallel Workers: 4
 Concurrent Workers: 1
 Concurrent Refinement Workers: 4
 Periodic GC: Disabled
Heap:
 garbage-first heap   total 71680K, used 51095K [0x0000000746a00000, 0x0000000800000000)
  region size 2048K, 16 young (32768K), 2 survivors (4096K)
 Metaspace       used 52970K, committed 53504K, reserved 1097728K
  class space    used 6985K, committed 7232K, reserved 1048576K
GC Heap History (20 events):
Event: 0.556 GC heap after
{Heap after GC invocations=2 (full 0):
 garbage-first heap   total 190464K, used 9069K [0x0000000746a00000, 0x0000000800000000)
  region size 2048K, 1 young (2048K), 1 survivors (2048K)
 Metaspace       used 14801K, committed 14976K, reserved 1064960K
  class space    used 1541K, committed 1600K, reserved 1048576K
}
Event: 0.821 GC heap before
{Heap before GC invocations=2 (full 0):
 garbage-first heap   total 190464K, used 27501K [0x0000000746a00000, 0x0000000800000000)
  region size 2048K, 10 young (20480K), 1 survivors (2048K)
 Metaspace       used 18887K, committed 19200K, reserved 1073152K
  class space    used 2169K, committed 2304K, reserved 1048576K
}
Event: 0.824 GC heap after
{Heap after GC invocations=3 (full 0):
 garbage-first heap   total 190464K, used 10525K [0x0000000746a00000, 0x0000000800000000)
  region size 2048K, 2 young (4096K), 2 survivors (4096K)
 Metaspace       used 18887K, committed 19200K, reserved 1073152K
  class space    used 2169K, committed 2304K, reserved 1048576K
}
Event: 0.923 GC heap before
{Heap before GC invocations=3 (full 0):
 garbage-first heap   total 190464K, used 20765K [0x0000000746a00000, 0x0000000800000000)
  region size 2048K, 8 young (16384K), 2 survivors (4096K)
 Metaspace       used 21291K, committed 21504K, reserved 1073152K
  class space    used 2521K, committed 2624K, reserved 1048576K
}
Event: 0.926 GC heap after
{Heap after GC invocations=4 (full 0):
 garbage-first heap   total 190464K, used 11221K [0x0000000746a00000, 0x0000000800000000)
  region size 2048K, 2 young (4096K), 2 survivors (4096K)
 Metaspace       used 21291K, committed 21504K, reserved 1073152K
  class space    used 2521K, committed 2624K, reserved 1048576K
}
Event: 1.108 GC heap before
{Heap before GC invocations=5 (full 0):
 garbage-first heap   total 49152K, used 33749K [0x0000000746a00000, 0x0000000800000000)
  region size 2048K, 14 young (28672K), 2 survivors (4096K)
 Metaspace       used 25931K, committed 26240K, reserved 1073152K
  class space    used 3212K, committed 3392K, reserved 1048576K
}
Event: 1.113 GC heap after
{Heap after GC invocations=6 (full 0):
 garbage-first heap   total 49152K, used 12411K [0x0000000746a00000, 0x0000000800000000)
  region size 2048K, 3 young (6144K), 3 survivors (6144K)
 Metaspace       used 25931K, committed 26240K, reserved 1073152K
  class space    used 3212K, committed 3392K, reserved 1048576K
}
Event: 1.221 GC heap before
{Heap before GC invocations=6 (full 0):
 garbage-first heap   total 49152K, used 28795K [0x0000000746a00000, 0x0000000800000000)
  region size 2048K, 11 young (22528K), 3 survivors (6144K)
 Metaspace       used 29255K, committed 29568K, reserved 1081344K
  class space    used 3590K, committed 3712K, reserved 1048576K
}
Event: 1.226 GC heap after
{Heap after GC invocations=7 (full 0):
 garbage-first heap   total 59392K, used 14093K [0x0000000746a00000, 0x0000000800000000)
  region size 2048K, 2 young (4096K), 2 survivors (4096K)
 Metaspace       used 29255K, committed 29568K, reserved 1081344K
  class space    used 3590K, committed 3712K, reserved 1048576K
}
Event: 1.527 GC heap before
{Heap before GC invocations=7 (full 0):
 garbage-first heap   total 59392K, used 38669K [0x0000000746a00000, 0x0000000800000000)
  region size 2048K, 14 young (28672K), 2 survivors (4096K)
 Metaspace       used 31788K, committed 32128K, reserved 1081344K
  class space    used 3978K, committed 4160K, reserved 1048576K
}
Event: 1.532 GC heap after
{Heap after GC invocations=8 (full 0):
 garbage-first heap   total 59392K, used 15929K [0x0000000746a00000, 0x0000000800000000)
  region size 2048K, 2 young (4096K), 2 survivors (4096K)
 Metaspace       used 31788K, committed 32128K, reserved 1081344K
  class space    used 3978K, committed 4160K, reserved 1048576K
}
Event: 1.999 GC heap before
{Heap before GC invocations=8 (full 0):
 garbage-first heap   total 59392K, used 40505K [0x0000000746a00000, 0x0000000800000000)
  region size 2048K, 14 young (28672K), 2 survivors (4096K)
 Metaspace       used 35267K, committed 35648K, reserved 1081344K
  class space    used 4514K, committed 4672K, reserved 1048576K
}
Event: 2.008 GC heap after
{Heap after GC invocations=9 (full 0):
 garbage-first heap   total 59392K, used 17579K [0x0000000746a00000, 0x0000000800000000)
  region size 2048K, 1 young (2048K), 1 survivors (2048K)
 Metaspace       used 35267K, committed 35648K, reserved 1081344K
  class space    used 4514K, committed 4672K, reserved 1048576K
}
Event: 2.078 GC heap before
{Heap before GC invocations=9 (full 0):
 garbage-first heap   total 59392K, used 21675K [0x0000000746a00000, 0x0000000800000000)
  region size 2048K, 4 young (8192K), 1 survivors (2048K)
 Metaspace       used 35775K, committed 36160K, reserved 1081344K
  class space    used 4597K, committed 4736K, reserved 1048576K
}
Event: 2.083 GC heap after
{Heap after GC invocations=10 (full 0):
 garbage-first heap   total 59392K, used 18115K [0x0000000746a00000, 0x0000000800000000)
  region size 2048K, 2 young (4096K), 2 survivors (4096K)
 Metaspace       used 35775K, committed 36160K, reserved 1081344K
  class space    used 4597K, committed 4736K, reserved 1048576K
}
Event: 2.466 GC heap before
{Heap before GC invocations=11 (full 0):
 garbage-first heap   total 59392K, used 40643K [0x0000000746a00000, 0x0000000800000000)
  region size 2048K, 13 young (26624K), 2 survivors (4096K)
 Metaspace       used 39558K, committed 40000K, reserved 1089536K
  class space    used 5154K, committed 5376K, reserved 1048576K
}
Event: 2.473 GC heap after
{Heap after GC invocations=12 (full 0):
 garbage-first heap   total 59392K, used 20246K [0x0000000746a00000, 0x0000000800000000)
  region size 2048K, 2 young (4096K), 2 survivors (4096K)
 Metaspace       used 39558K, committed 40000K, reserved 1089536K
  class space    used 5154K, committed 5376K, reserved 1048576K
}
Event: 2.911 GC heap before
{Heap before GC invocations=12 (full 0):
 garbage-first heap   total 59392K, used 40726K [0x0000000746a00000, 0x0000000800000000)
  region size 2048K, 13 young (26624K), 2 survivors (4096K)
 Metaspace       used 47416K, committed 47872K, reserved 1097728K
  class space    used 6130K, committed 6336K, reserved 1048576K
}
Event: 2.916 GC heap after
{Heap after GC invocations=13 (full 0):
 garbage-first heap   total 71680K, used 22423K [0x0000000746a00000, 0x0000000800000000)
  region size 2048K, 2 young (4096K), 2 survivors (4096K)
 Metaspace       used 47416K, committed 47872K, reserved 1097728K
  class space    used 6130K, committed 6336K, reserved 1048576K
}
Event: 3.263 GC heap before
{Heap before GC invocations=13 (full 0):
 garbage-first heap   total 71680K, used 49047K [0x0000000746a00000, 0x0000000800000000)
  region size 2048K, 16 young (32768K), 2 survivors (4096K)
 Metaspace       used 52970K, committed 53504K, reserved 1097728K
  class space    used 6985K, committed 7232K, reserved 1048576K
}

